1643873058366	geckodriver	INFO	Listening on 127.0.0.1:54384
1643873061447	mozrunner::runner	INFO	Running command: "C:\\Program Files\\Mozilla Firefox\\firefox.exe" "--marionette" "-headless" "--remote-debugging-port" "54385" "-no-remote" "-profile" "C:\\Users\\BLACKH~1\\AppData\\Local\\Temp\\rust_mozprofilebsryG2"
*** You are running in headless mode.
1643873061735	Marionette	INFO	Marionette enabled
[GFX1-]: RenderCompositorSWGL failed mapping default framebuffer, no dt
console.warn: SearchSettings: "get: No settings file exists, new profile?" (new NotFoundError("Could not open the file at C:\\Users\\BlackHacker\\AppData\\Local\\Temp\\rust_mozprofilebsryG2\\search.json.mozlz4", (void 0)))
DevTools listening on ws://localhost:54385/devtools/browser/81461551-a893-407e-8cf1-877164c20524
1643873062910	Marionette	INFO	Listening on port 54392
1643873063024	RemoteAgent	WARN	TLS certificate errors will be ignored for this session
1643873198493	geckodriver	INFO	Listening on 127.0.0.1:54603
1643873201538	mozrunner::runner	INFO	Running command: "C:\\Program Files\\Mozilla Firefox\\firefox.exe" "--marionette" "-headless" "--remote-debugging-port" "54604" "-no-remote" "-profile" "C:\\Users\\BLACKH~1\\AppData\\Local\\Temp\\rust_mozprofileowfsju"
*** You are running in headless mode.
1643873201786	Marionette	INFO	Marionette enabled
[GFX1-]: RenderCompositorSWGL failed mapping default framebuffer, no dt
console.warn: SearchSettings: "get: No settings file exists, new profile?" (new NotFoundError("Could not open the file at C:\\Users\\BlackHacker\\AppData\\Local\\Temp\\rust_mozprofileowfsju\\search.json.mozlz4", (void 0)))
DevTools listening on ws://localhost:54604/devtools/browser/1f7105f3-29be-401e-8784-2030dc012282
1643873202770	Marionette	INFO	Listening on port 54612
1643873203075	RemoteAgent	WARN	TLS certificate errors will be ignored for this session
1643873224943	geckodriver	INFO	Listening on 127.0.0.1:54723
1643873228007	mozrunner::runner	INFO	Running command: "C:\\Program Files\\Mozilla Firefox\\firefox.exe" "--marionette" "-headless" "--remote-debugging-port" "54724" "-no-remote" "-profile" "C:\\Users\\BLACKH~1\\AppData\\Local\\Temp\\rust_mozprofile69qvaf"
*** You are running in headless mode.
1643873228216	Marionette	INFO	Marionette enabled
[GFX1-]: RenderCompositorSWGL failed mapping default framebuffer, no dt
console.warn: SearchSettings: "get: No settings file exists, new profile?" (new NotFoundError("Could not open the file at C:\\Users\\BlackHacker\\AppData\\Local\\Temp\\rust_mozprofile69qvaf\\search.json.mozlz4", (void 0)))
DevTools listening on ws://localhost:54724/devtools/browser/b11cf727-39df-4195-aa9a-159f1dbcb7af
1643873229243	Marionette	INFO	Listening on port 54731
1643873229535	RemoteAgent	WARN	TLS certificate errors will be ignored for this session
1643873359150	geckodriver	INFO	Listening on 127.0.0.1:54946
1643873362201	mozrunner::runner	INFO	Running command: "C:\\Program Files\\Mozilla Firefox\\firefox.exe" "--marionette" "-headless" "--remote-debugging-port" "54947" "-no-remote" "-profile" "C:\\Users\\BLACKH~1\\AppData\\Local\\Temp\\rust_mozprofileQjHxwd"
*** You are running in headless mode.
1643873362416	Marionette	INFO	Marionette enabled
[GFX1-]: RenderCompositorSWGL failed mapping default framebuffer, no dt
console.warn: SearchSettings: "get: No settings file exists, new profile?" (new NotFoundError("Could not open the file at C:\\Users\\BlackHacker\\AppData\\Local\\Temp\\rust_mozprofileQjHxwd\\search.json.mozlz4", (void 0)))
DevTools listening on ws://localhost:54947/devtools/browser/3b6fce28-89b0-4236-8099-355ce56174c2
1643873363398	Marionette	INFO	Listening on port 54954
1643873363733	RemoteAgent	WARN	TLS certificate errors will be ignored for this session
console.warn: LoginRecipes: "getRecipes: falling back to a synchronous message for:" "https://www.reliancedigital.in"
1643873375835	geckodriver	INFO	Listening on 127.0.0.1:55053
1643873378910	mozrunner::runner	INFO	Running command: "C:\\Program Files\\Mozilla Firefox\\firefox.exe" "--marionette" "-headless" "--remote-debugging-port" "55054" "-no-remote" "-profile" "C:\\Users\\BLACKH~1\\AppData\\Local\\Temp\\rust_mozprofileRLp424"
*** You are running in headless mode.
1643873379120	Marionette	INFO	Marionette enabled
[GFX1-]: RenderCompositorSWGL failed mapping default framebuffer, no dt
console.warn: SearchSettings: "get: No settings file exists, new profile?" (new NotFoundError("Could not open the file at C:\\Users\\BlackHacker\\AppData\\Local\\Temp\\rust_mozprofileRLp424\\search.json.mozlz4", (void 0)))
DevTools listening on ws://localhost:55054/devtools/browser/09e20c9c-2b86-4c33-b868-4d628241f586
1643873379983	Marionette	INFO	Listening on port 55060
1643873380446	RemoteAgent	WARN	TLS certificate errors will be ignored for this session
1643873406910	geckodriver	INFO	Listening on 127.0.0.1:55165
1643873409969	mozrunner::runner	INFO	Running command: "C:\\Program Files\\Mozilla Firefox\\firefox.exe" "--marionette" "-headless" "--remote-debugging-port" "55166" "-no-remote" "-profile" "C:\\Users\\BLACKH~1\\AppData\\Local\\Temp\\rust_mozprofileu4WBDl"
*** You are running in headless mode.
1643873410187	Marionette	INFO	Marionette enabled
[GFX1-]: RenderCompositorSWGL failed mapping default framebuffer, no dt
console.warn: SearchSettings: "get: No settings file exists, new profile?" (new NotFoundError("Could not open the file at C:\\Users\\BlackHacker\\AppData\\Local\\Temp\\rust_mozprofileu4WBDl\\search.json.mozlz4", (void 0)))
DevTools listening on ws://localhost:55166/devtools/browser/729f0831-0281-4342-9ca3-2394e92a1784
1643873411060	Marionette	INFO	Listening on port 55177
1643873411502	RemoteAgent	WARN	TLS certificate errors will be ignored for this session
1643877822279	geckodriver	INFO	Listening on 127.0.0.1:56062
1643877825338	mozrunner::runner	INFO	Running command: "C:\\Program Files\\Mozilla Firefox\\firefox.exe" "--marionette" "-headless" "--remote-debugging-port" "56063" "-no-remote" "-profile" "C:\\Users\\simpl\\AppData\\Local\\Temp\\rust_mozprofileVJf6tG"
*** You are running in headless mode.
1643877869256	geckodriver	INFO	Listening on 127.0.0.1:56164
1643877872326	mozrunner::runner	INFO	Running command: "C:\\Program Files\\Mozilla Firefox\\firefox.exe" "--marionette" "-headless" "--remote-debugging-port" "56165" "-no-remote" "-profile" "C:\\Users\\simpl\\AppData\\Local\\Temp\\rust_mozprofileZIRfqh"
*** You are running in headless mode.
1643877872625	Marionette	INFO	Marionette enabled
[GFX1-]: RenderCompositorSWGL failed mapping default framebuffer, no dt
console.warn: SearchSettings: "get: No settings file exists, new profile?" (new NotFoundError("Could not open the file at C:\\Users\\simpl\\AppData\\Local\\Temp\\rust_mozprofileZIRfqh\\search.json.mozlz4", (void 0)))
DevTools listening on ws://localhost:56165/devtools/browser/a4894147-cb6e-4eac-9a35-461200b052df
1643877873962	Marionette	INFO	Listening on port 56170
1643877874379	RemoteAgent	WARN	TLS certificate errors will be ignored for this session
1643878036844	geckodriver	INFO	Listening on 127.0.0.1:56329
1643878039909	mozrunner::runner	INFO	Running command: "C:\\Program Files\\Mozilla Firefox\\firefox.exe" "--marionette" "--remote-debugging-port" "56330" "-no-remote" "-profile" "C:\\Users\\simpl\\AppData\\Local\\Temp\\rust_mozprofileGjLCSB"
1643878040217	Marionette	INFO	Marionette enabled
console.warn: SearchSettings: "get: No settings file exists, new profile?" (new NotFoundError("Could not open the file at C:\\Users\\simpl\\AppData\\Local\\Temp\\rust_mozprofileGjLCSB\\search.json.mozlz4", (void 0)))
DevTools listening on ws://localhost:56330/devtools/browser/5e878b1e-15f6-4d08-83dc-d8f0a9a0087d
1643878042517	Marionette	INFO	Listening on port 56335
1643878042588	RemoteAgent	WARN	TLS certificate errors will be ignored for this session
